"../../../Engine/Content/EditorResources/S_Actor.ubulk" 0
"../../../Engine/Content/EditorResources/S_Actor.uasset" 1
"../../../Engine/Content/EditorResources/S_Actor.uexp" 2
"../../../Engine/Content/EditorResources/S_BoxReflectionCapture.uasset" 3
"../../../Engine/Content/EditorResources/S_BoxReflectionCapture.uexp" 4
"../../../Engine/Content/EngineResources/DefaultTexture.ubulk" 5
"../../../Engine/Content/EngineResources/DefaultTexture.uasset" 6
"../../../Engine/Content/EngineResources/DefaultTexture.uexp" 7
"../../../Engine/Content/EngineResources/DefaultTextureCube.uasset" 8
"../../../Engine/Content/EngineResources/DefaultTextureCube.uexp" 9
"../../../Engine/Content/EngineResources/DefaultVolumeTexture2D.uasset" 10
"../../../Engine/Content/EngineResources/DefaultVolumeTexture2D.uexp" 11
"../../../Engine/Content/EngineResources/DefaultVolumeTexture.uasset" 12
"../../../Engine/Content/EngineResources/DefaultVolumeTexture.uexp" 13
"../../../Engine/Content/EditorResources/S_Trigger.ubulk" 14
"../../../Engine/Content/EditorResources/S_Trigger.uasset" 15
"../../../Engine/Content/EditorResources/S_Trigger.uexp" 16
"../../../Engine/Content/EditorResources/S_TriggerBox.uasset" 17
"../../../Engine/Content/EditorResources/S_TriggerBox.uexp" 18
"../../../Engine/Content/EditorResources/S_TriggerCapsule.uasset" 19
"../../../Engine/Content/EditorResources/S_TriggerCapsule.uexp" 20
"../../../Engine/Content/EditorResources/S_TriggerSphere.uasset" 21
"../../../Engine/Content/EditorResources/S_TriggerSphere.uexp" 22
"../../../Engine/Content/EngineMeshes/Sphere.ubulk" 23
"../../../Engine/Content/EngineMeshes/Sphere.uasset" 24
"../../../Engine/Content/EngineMeshes/Sphere.uexp" 25
"../../../Engine/Content/EngineResources/GradientTexture0.uasset" 26
"../../../Engine/Content/EngineResources/GradientTexture0.uexp" 27
"../../../Engine/Content/EngineResources/Black.uasset" 28
"../../../Engine/Content/EngineResources/Black.uexp" 29
"../../../Engine/Content/VREditor/LaserPointer/VR_LaserPower_01.ubulk" 30
"../../../Engine/Content/VREditor/LaserPointer/VR_LaserPower_01.uasset" 31
"../../../Engine/Content/VREditor/LaserPointer/VR_LaserPower_01.uexp" 32
"../../../Engine/Content/VREditor/TransformGizmo/TransformGizmoMaterial.uasset" 33
"../../../Engine/Content/VREditor/TransformGizmo/TransformGizmoMaterial.uexp" 34
"../../../Engine/Content/VREditor/TransformGizmo/TranslucentTransformGizmoMaterial.uasset" 35
"../../../Engine/Content/VREditor/TransformGizmo/TranslucentTransformGizmoMaterial.uexp" 36
"../../../Engine/Content/VREditor/TransformGizmo/PlaneTranslationHandle.ubulk" 37
"../../../Engine/Content/VREditor/TransformGizmo/PlaneTranslationHandle.uasset" 38
"../../../Engine/Content/VREditor/TransformGizmo/PlaneTranslationHandle.uexp" 39
"../../../Engine/Content/VREditor/TransformGizmo/BoundingBoxCorner.ubulk" 40
"../../../Engine/Content/VREditor/TransformGizmo/BoundingBoxCorner.uasset" 41
"../../../Engine/Content/VREditor/TransformGizmo/BoundingBoxCorner.uexp" 42
"../../../Engine/Content/VREditor/TransformGizmo/BoundingBoxEdge.ubulk" 43
"../../../Engine/Content/VREditor/TransformGizmo/BoundingBoxEdge.uasset" 44
"../../../Engine/Content/VREditor/TransformGizmo/BoundingBoxEdge.uexp" 45
"../../../Engine/Content/VREditor/TransformGizmo/Main.uasset" 46
"../../../Engine/Content/VREditor/TransformGizmo/Main.uexp" 47
"../../../Engine/Content/VREditor/TransformGizmo/Xray.uasset" 48
"../../../Engine/Content/VREditor/TransformGizmo/Xray.uexp" 49
"../../../Engine/Content/VREditor/TransformGizmo/SM_Sequencer_Node.ubulk" 50
"../../../Engine/Content/VREditor/TransformGizmo/SM_Sequencer_Node.uasset" 51
"../../../Engine/Content/VREditor/TransformGizmo/SM_Sequencer_Node.uexp" 52
"../../../Engine/Content/EditorMaterials/Camera/CineMat.uasset" 53
"../../../Engine/Content/EditorMaterials/Camera/CineMat.uexp" 54
"../../../Engine/Content/EditorMaterials/Camera/MI_CineMat_Rig.uasset" 55
"../../../Engine/Content/EditorMaterials/Camera/MI_CineMat_Rig.uexp" 56
"../../../Engine/Content/EditorMeshes/Camera/SM_CraneRig_Base.ubulk" 57
"../../../Engine/Content/EditorMeshes/Camera/SM_CraneRig_Base.uasset" 58
"../../../Engine/Content/EditorMeshes/Camera/SM_CraneRig_Base.uexp" 59
"../../../Engine/Content/EditorMeshes/Camera/SM_CraneRig_Arm.ubulk" 60
"../../../Engine/Content/EditorMeshes/Camera/SM_CraneRig_Arm.uasset" 61
"../../../Engine/Content/EditorMeshes/Camera/SM_CraneRig_Arm.uexp" 62
"../../../Engine/Content/EditorMeshes/Camera/SM_CraneRig_Mount.ubulk" 63
"../../../Engine/Content/EditorMeshes/Camera/SM_CraneRig_Mount.uasset" 64
"../../../Engine/Content/EditorMeshes/Camera/SM_CraneRig_Mount.uexp" 65
"../../../Engine/Content/EditorMeshes/Camera/SM_CraneRig_Body.ubulk" 66
"../../../Engine/Content/EditorMeshes/Camera/SM_CraneRig_Body.uasset" 67
"../../../Engine/Content/EditorMeshes/Camera/SM_CraneRig_Body.uexp" 68
"../../../Engine/Content/EditorMeshes/Camera/SM_RailRig_Track.ubulk" 69
"../../../Engine/Content/EditorMeshes/Camera/SM_RailRig_Track.uasset" 70
"../../../Engine/Content/EditorMeshes/Camera/SM_RailRig_Track.uexp" 71
"../../../Engine/Content/EditorMeshes/Camera/SM_RailRig_Mount.ubulk" 72
"../../../Engine/Content/EditorMeshes/Camera/SM_RailRig_Mount.uasset" 73
"../../../Engine/Content/EditorMeshes/Camera/SM_RailRig_Mount.uexp" 74
"../../../Engine/Content/EngineMaterials/T_Default_Material_Grid_M.ubulk" 75
"../../../Engine/Content/EngineMaterials/T_Default_Material_Grid_M.uasset" 76
"../../../Engine/Content/EngineMaterials/T_Default_Material_Grid_M.uexp" 77
"../../../Engine/Content/EngineMaterials/T_Default_Material_Grid_N.ubulk" 78
"../../../Engine/Content/EngineMaterials/T_Default_Material_Grid_N.uasset" 79
"../../../Engine/Content/EngineMaterials/T_Default_Material_Grid_N.uexp" 80
"../../../Engine/Content/Functions/Engine_MaterialFunctions01/Opacity/CameraDepthFade.uasset" 81
"../../../Engine/Content/Functions/Engine_MaterialFunctions01/Opacity/CameraDepthFade.uexp" 82
"../../../Engine/Content/EngineMaterials/WorldGridMaterial.uasset" 83
"../../../Engine/Content/EngineMaterials/WorldGridMaterial.uexp" 84
"../../../Engine/Content/ArtTools/RenderToTexture/Meshes/S_1_Unit_Plane.ubulk" 85
"../../../Engine/Content/ArtTools/RenderToTexture/Meshes/S_1_Unit_Plane.uasset" 86
"../../../Engine/Content/ArtTools/RenderToTexture/Meshes/S_1_Unit_Plane.uexp" 87
"../../../Engine/Content/EditorMaterials/ParticleSystems/PSysThumbnail_NoImage.ubulk" 88
"../../../Engine/Content/EditorMaterials/ParticleSystems/PSysThumbnail_NoImage.uasset" 89
"../../../Engine/Content/EditorMaterials/ParticleSystems/PSysThumbnail_NoImage.uexp" 90
"../../../Engine/Content/EditorMaterials/ParticleSystems/PSysThumbnail_OOD.ubulk" 91
"../../../Engine/Content/EditorMaterials/ParticleSystems/PSysThumbnail_OOD.uasset" 92
"../../../Engine/Content/EditorMaterials/ParticleSystems/PSysThumbnail_OOD.uexp" 93
"../../../Engine/Content/EditorLandscapeResources/SplineEditorMeshMat.uasset" 94
"../../../Engine/Content/EditorLandscapeResources/SplineEditorMeshMat.uexp" 95
"../../../Engine/Content/EditorLandscapeResources/SplineEditorMesh.ubulk" 96
"../../../Engine/Content/EditorLandscapeResources/SplineEditorMesh.uasset" 97
"../../../Engine/Content/EditorLandscapeResources/SplineEditorMesh.uexp" 98
"../../../Engine/Content/EditorResources/S_Solver.ubulk" 99
"../../../Engine/Content/EditorResources/S_Solver.uasset" 100
"../../../Engine/Content/EditorResources/S_Solver.uexp" 101
"../../../Engine/Plugins/Media/MediaPlate/Content/SM_MediaPlateScreen.ubulk" 102
"../../../Engine/Plugins/Media/MediaPlate/Content/SM_MediaPlateScreen.uasset" 103
"../../../Engine/Plugins/Media/MediaPlate/Content/SM_MediaPlateScreen.uexp" 104
"../../../Engine/Content/EngineMaterials/Good64x64TilingNoiseHighFreq.uasset" 105
"../../../Engine/Content/EngineMaterials/Good64x64TilingNoiseHighFreq.uexp" 106
"../../../Engine/Content/EngineMaterials/DefaultBokeh.uasset" 107
"../../../Engine/Content/EngineMaterials/DefaultBokeh.uexp" 108
"../../../Engine/Content/EngineMaterials/PreintegratedSkinBRDF.uasset" 109
"../../../Engine/Content/EngineMaterials/PreintegratedSkinBRDF.uexp" 110
"../../../Engine/Content/EngineMaterials/MiniFont.uasset" 111
"../../../Engine/Content/EngineMaterials/MiniFont.uexp" 112
"../../../Engine/Content/EngineMaterials/WeightMapPlaceholderTexture.uasset" 113
"../../../Engine/Content/EngineMaterials/WeightMapPlaceholderTexture.uexp" 114
"../../../Engine/Content/EngineMaterials/DefaultWhiteGrid.ubulk" 115
"../../../Engine/Content/EngineMaterials/DefaultWhiteGrid.uasset" 116
"../../../Engine/Content/EngineMaterials/DefaultWhiteGrid.uexp" 117
"../../../Engine/Plugins/2D/Paper2D/Content/PlaceholderTextures/DummySpriteTexture.ubulk" 118
"../../../Engine/Plugins/2D/Paper2D/Content/PlaceholderTextures/DummySpriteTexture.uasset" 119
"../../../Engine/Plugins/2D/Paper2D/Content/PlaceholderTextures/DummySpriteTexture.uexp" 120
"../../../Engine/Plugins/2D/Paper2D/Content/DefaultSpriteMaterial.uasset" 121
"../../../Engine/Plugins/2D/Paper2D/Content/DefaultSpriteMaterial.uexp" 122
"../../../Engine/Plugins/2D/Paper2D/Content/OpaqueUnlitSpriteMaterial.uasset" 123
"../../../Engine/Plugins/2D/Paper2D/Content/OpaqueUnlitSpriteMaterial.uexp" 124
"../../../Engine/Plugins/2D/Paper2D/Content/MaskedUnlitSpriteMaterial.uasset" 125
"../../../Engine/Plugins/2D/Paper2D/Content/MaskedUnlitSpriteMaterial.uexp" 126
"../../../Engine/Plugins/2D/Paper2D/Content/DummySprite.uasset" 127
"../../../Engine/Plugins/2D/Paper2D/Content/DummySprite.uexp" 128
"../../../Engine/Plugins/2D/Paper2D/Content/DefaultPaperTerrainMaterial.uasset" 129
"../../../Engine/Plugins/2D/Paper2D/Content/DefaultPaperTerrainMaterial.uexp" 130
"../../../Engine/Content/Functions/Engine_MaterialFunctions02/WorldPositionOffset/CameraOffset.uasset" 131
"../../../Engine/Content/Functions/Engine_MaterialFunctions02/WorldPositionOffset/CameraOffset.uexp" 132
"../../../Engine/Plugins/Animation/ControlRig/Content/M_Manip.uasset" 133
"../../../Engine/Plugins/Animation/ControlRig/Content/M_Manip.uexp" 134
"../../../Engine/Content/Animation/DefaultRecorderBoneCompression.uasset" 135
"../../../Engine/Content/Animation/DefaultRecorderBoneCompression.uexp" 136
"../../../Engine/Content/Animation/DefaultAnimCurveCompressionSettings.uasset" 137
"../../../Engine/Content/Animation/DefaultAnimCurveCompressionSettings.uexp" 138
"../../../Engine/Content/Animation/DefaultAnimBoneCompressionSettings.uasset" 139
"../../../Engine/Content/Animation/DefaultAnimBoneCompressionSettings.uexp" 140
"../../../Engine/Content/BasicShapes/Plane.ubulk" 141
"../../../Engine/Content/BasicShapes/Plane.uasset" 142
"../../../Engine/Content/BasicShapes/Plane.uexp" 143
"../../../Engine/Content/EngineMaterials/DefaultMaterial.uasset" 144
"../../../Engine/Content/EngineMaterials/DefaultMaterial.uexp" 145
"../../../Engine/Content/BasicShapes/Cylinder.ubulk" 146
"../../../Engine/Content/BasicShapes/Cylinder.uasset" 147
"../../../Engine/Content/BasicShapes/Cylinder.uexp" 148
"../../../Engine/Content/EngineResources/WhiteSquareTexture.uasset" 149
"../../../Engine/Content/EngineResources/WhiteSquareTexture.uexp" 150
"../../../Engine/Content/EngineMaterials/Widget3DPassThrough.uasset" 151
"../../../Engine/Content/EngineMaterials/Widget3DPassThrough.uexp" 152
"../../../Engine/Content/EngineMaterials/Widget3DPassThrough_Translucent.uasset" 153
"../../../Engine/Content/EngineMaterials/Widget3DPassThrough_Translucent.uexp" 154
"../../../Engine/Content/EngineMaterials/Widget3DPassThrough_Translucent_OneSided.uasset" 155
"../../../Engine/Content/EngineMaterials/Widget3DPassThrough_Translucent_OneSided.uexp" 156
"../../../Engine/Content/EngineMaterials/Widget3DPassThrough_Opaque.uasset" 157
"../../../Engine/Content/EngineMaterials/Widget3DPassThrough_Opaque.uexp" 158
"../../../Engine/Content/EngineMaterials/Widget3DPassThrough_Opaque_OneSided.uasset" 159
"../../../Engine/Content/EngineMaterials/Widget3DPassThrough_Opaque_OneSided.uexp" 160
"../../../Engine/Content/EngineMaterials/Widget3DPassThrough_Masked_OneSided.uasset" 161
"../../../Engine/Content/EngineMaterials/Widget3DPassThrough_Masked_OneSided.uexp" 162
"../../../Engine/Content/EngineMaterials/Widget3DPassThrough_Masked.uasset" 163
"../../../Engine/Content/EngineMaterials/Widget3DPassThrough_Masked.uexp" 164
"../../../Engine/Content/EngineMaterials/STBlueNoise_vec2_128x128x64.uasset" 165
"../../../Engine/Content/EngineMaterials/STBlueNoise_vec2_128x128x64.uexp" 166
"../../../Engine/Content/EngineMaterials/STBlueNoise_scalar_128x128x64.uasset" 167
"../../../Engine/Content/EngineMaterials/STBlueNoise_scalar_128x128x64.uexp" 168
"../../../Engine/Content/EngineMaterials/RemoveSurfaceMaterial.uasset" 169
"../../../Engine/Content/EngineMaterials/RemoveSurfaceMaterial.uexp" 170
"../../../Engine/Content/EngineMaterials/DefaultCalibrationGrayscale.uasset" 171
"../../../Engine/Content/EngineMaterials/DefaultCalibrationGrayscale.uexp" 172
"../../../Engine/Content/EngineMaterials/PPM_DefaultCalibrationGrayscale.uasset" 173
"../../../Engine/Content/EngineMaterials/PPM_DefaultCalibrationGrayscale.uexp" 174
"../../../Engine/Content/EngineMaterials/DefaultCalibrationColor.uasset" 175
"../../../Engine/Content/EngineMaterials/DefaultCalibrationColor.uexp" 176
"../../../Engine/Content/EngineMaterials/PPM_DefaultCalibrationColor.uasset" 177
"../../../Engine/Content/EngineMaterials/PPM_DefaultCalibrationColor.uexp" 178
"../../../Engine/Content/EngineMaterials/PhAT_JointLimitMaterial.uasset" 179
"../../../Engine/Content/EngineMaterials/PhAT_JointLimitMaterial.uexp" 180
"../../../Engine/Content/EngineMaterials/NaniteHiddenSectionMaterial.uasset" 181
"../../../Engine/Content/EngineMaterials/NaniteHiddenSectionMaterial.uexp" 182
"../../../Engine/Content/EngineMaterials/InvalidLightmapSettings.ubulk" 183
"../../../Engine/Content/EngineMaterials/InvalidLightmapSettings.uasset" 184
"../../../Engine/Content/EngineMaterials/InvalidLightmapSettings.uexp" 185
"../../../Engine/Content/EngineMaterials/M_InvalidLightmapSettings.uasset" 186
"../../../Engine/Content/EngineMaterials/M_InvalidLightmapSettings.uexp" 187
"../../../Engine/Plugins/Runtime/MeshModelingToolset/Content/Materials/M_DynamicMeshComponentVtxColor.uasset" 188
"../../../Engine/Plugins/Runtime/MeshModelingToolset/Content/Materials/M_DynamicMeshComponentVtxColor.uexp" 189
"../../../Engine/Plugins/Interchange/Runtime/Content/Pipelines/DefaultTexturePipeline.uasset" 190
"../../../Engine/Plugins/Interchange/Runtime/Content/Pipelines/DefaultTexturePipeline.uexp" 191
"../../../Engine/Plugins/Interchange/Runtime/Content/Pipelines/DefaultSceneLevelPipeline.uasset" 192
"../../../Engine/Plugins/Interchange/Runtime/Content/Pipelines/DefaultSceneLevelPipeline.uexp" 193
"../../../Engine/Plugins/Interchange/Runtime/Content/Pipelines/DefaultSceneAssetsPipeline.uasset" 194
"../../../Engine/Plugins/Interchange/Runtime/Content/Pipelines/DefaultSceneAssetsPipeline.uexp" 195
"../../../Engine/Plugins/Interchange/Runtime/Content/Pipelines/DefaultMaterialPipeline.uasset" 196
"../../../Engine/Plugins/Interchange/Runtime/Content/Pipelines/DefaultMaterialPipeline.uexp" 197
"../../../Engine/Plugins/Interchange/Runtime/Content/Pipelines/DefaultAssetsPipeline.uasset" 198
"../../../Engine/Plugins/Interchange/Runtime/Content/Pipelines/DefaultAssetsPipeline.uexp" 199
"../../../Engine/Plugins/Editor/SpeedTreeImporter/Content/SpeedTree9/game_wind_noise.ubulk" 200
"../../../Engine/Plugins/Editor/SpeedTreeImporter/Content/SpeedTree9/game_wind_noise.uasset" 201
"../../../Engine/Plugins/Editor/SpeedTreeImporter/Content/SpeedTree9/game_wind_noise.uexp" 202
"../../../Engine/Plugins/Editor/SpeedTreeImporter/Content/SpeedTree9/UnpackDirection.uasset" 203
"../../../Engine/Plugins/Editor/SpeedTreeImporter/Content/SpeedTree9/UnpackDirection.uexp" 204
"../../../Engine/Content/Functions/Engine_MaterialFunctions02/ObjectLocalBounds.uasset" 205
"../../../Engine/Content/Functions/Engine_MaterialFunctions02/ObjectLocalBounds.uexp" 206
"../../../Engine/Content/Functions/Engine_MaterialFunctions02/Utility/BreakOutFloat3Components.uasset" 207
"../../../Engine/Content/Functions/Engine_MaterialFunctions02/Utility/BreakOutFloat3Components.uexp" 208
"../../../Engine/Content/Functions/Engine_MaterialFunctions02/UVs/BoundingBoxBased_0-1_UVW.uasset" 209
"../../../Engine/Content/Functions/Engine_MaterialFunctions02/UVs/BoundingBoxBased_0-1_UVW.uexp" 210
"../../../Engine/Content/Functions/Engine_MaterialFunctions02/Utility/VectorLength.uasset" 211
"../../../Engine/Content/Functions/Engine_MaterialFunctions02/Utility/VectorLength.uexp" 212
"../../../Engine/Plugins/Editor/SpeedTreeImporter/Content/SpeedTree9/UnpackInteger3.uasset" 213
"../../../Engine/Plugins/Editor/SpeedTreeImporter/Content/SpeedTree9/UnpackInteger3.uexp" 214
"../../../Engine/Plugins/Editor/SpeedTreeImporter/Content/SpeedTree9/SpeedTreeCameraFacing.uasset" 215
"../../../Engine/Plugins/Editor/SpeedTreeImporter/Content/SpeedTree9/SpeedTreeCameraFacing.uexp" 216
"../../../Engine/Content/Functions/Engine_MaterialFunctions02/WorldPositionOffset/ObjectScale.uasset" 217
"../../../Engine/Content/Functions/Engine_MaterialFunctions02/WorldPositionOffset/ObjectScale.uexp" 218
"../../../Engine/Content/Functions/Engine_MaterialFunctions02/SafeNormalize.uasset" 219
"../../../Engine/Content/Functions/Engine_MaterialFunctions02/SafeNormalize.uexp" 220
"../../../Engine/Plugins/Editor/SpeedTreeImporter/Content/SpeedTree9/SpeedTreeWindMotion.uasset" 221
"../../../Engine/Plugins/Editor/SpeedTreeImporter/Content/SpeedTree9/SpeedTreeWindMotion.uexp" 222
"../../../Engine/Plugins/Editor/SpeedTreeImporter/Content/SpeedTree9/SpeedTreeBranchMotion.uasset" 223
"../../../Engine/Plugins/Editor/SpeedTreeImporter/Content/SpeedTree9/SpeedTreeBranchMotion.uexp" 224
"../../../Engine/Plugins/Editor/SpeedTreeImporter/Content/SpeedTree9/SpeedTreeWind.uasset" 225
"../../../Engine/Plugins/Editor/SpeedTreeImporter/Content/SpeedTree9/SpeedTreeWind.uexp" 226
"../../../Engine/Plugins/Editor/SpeedTreeImporter/Content/SpeedTree9/EmptyNormal.uasset" 227
"../../../Engine/Plugins/Editor/SpeedTreeImporter/Content/SpeedTree9/EmptyNormal.uexp" 228
"../../../Engine/Plugins/Editor/SpeedTreeImporter/Content/SpeedTree9/Empty.uasset" 229
"../../../Engine/Plugins/Editor/SpeedTreeImporter/Content/SpeedTree9/Empty.uexp" 230
"../../../Engine/Plugins/Editor/SpeedTreeImporter/Content/SpeedTree9/SpeedTreeMaster.uasset" 231
"../../../Engine/Plugins/Editor/SpeedTreeImporter/Content/SpeedTree9/SpeedTreeMaster.uexp" 232
"../../../Engine/Plugins/Editor/SpeedTreeImporter/Content/SpeedTree9/SpeedTreeBillboard.uasset" 233
"../../../Engine/Plugins/Editor/SpeedTreeImporter/Content/SpeedTree9/SpeedTreeBillboard.uexp" 234
"../../../Engine/Plugins/Editor/SpeedTreeImporter/Content/SpeedTree9/SpeedTreeBillboardMaster.uasset" 235
"../../../Engine/Plugins/Editor/SpeedTreeImporter/Content/SpeedTree9/SpeedTreeBillboardMaster.uexp" 236
"../../../Engine/Plugins/Animation/ControlRig/Content/Controls/DefaultGizmoLibraryNormalized.uasset" 237
"../../../Engine/Plugins/Animation/ControlRig/Content/Controls/DefaultGizmoLibraryNormalized.uexp" 238
"../../../Engine/Plugins/Animation/ControlRig/Content/Controls/ControlRig_Wedge_solid.ubulk" 239
"../../../Engine/Plugins/Animation/ControlRig/Content/Controls/ControlRig_Wedge_solid.uasset" 240
"../../../Engine/Plugins/Animation/ControlRig/Content/Controls/ControlRig_Wedge_solid.uexp" 241
"../../../Engine/Plugins/Animation/ControlRig/Content/Controls/ControlRig_Wedge_3mm.ubulk" 242
"../../../Engine/Plugins/Animation/ControlRig/Content/Controls/ControlRig_Wedge_3mm.uasset" 243
"../../../Engine/Plugins/Animation/ControlRig/Content/Controls/ControlRig_Wedge_3mm.uexp" 244
"../../../Engine/Plugins/Animation/ControlRig/Content/Controls/ControlRig_Wedge_1mm.ubulk" 245
"../../../Engine/Plugins/Animation/ControlRig/Content/Controls/ControlRig_Wedge_1mm.uasset" 246
"../../../Engine/Plugins/Animation/ControlRig/Content/Controls/ControlRig_Wedge_1mm.uexp" 247
"../../../Engine/Plugins/Animation/ControlRig/Content/Controls/ControlRig_Triangle_solid.ubulk" 248
"../../../Engine/Plugins/Animation/ControlRig/Content/Controls/ControlRig_Triangle_solid.uasset" 249
"../../../Engine/Plugins/Animation/ControlRig/Content/Controls/ControlRig_Triangle_solid.uexp" 250
"../../../Engine/Plugins/Animation/ControlRig/Content/Controls/ControlRig_Triangle_3mm.ubulk" 251
"../../../Engine/Plugins/Animation/ControlRig/Content/Controls/ControlRig_Triangle_3mm.uasset" 252
"../../../Engine/Plugins/Animation/ControlRig/Content/Controls/ControlRig_Triangle_3mm.uexp" 253
"../../../Engine/Plugins/Animation/ControlRig/Content/Controls/ControlRig_Triangle_1mm.ubulk" 254
"../../../Engine/Plugins/Animation/ControlRig/Content/Controls/ControlRig_Triangle_1mm.uasset" 255
"../../../Engine/Plugins/Animation/ControlRig/Content/Controls/ControlRig_Triangle_1mm.uexp" 256
"../../../Engine/Plugins/Animation/ControlRig/Content/Controls/ControlRig_Star4_solid.ubulk" 257
"../../../Engine/Plugins/Animation/ControlRig/Content/Controls/ControlRig_Star4_solid.uasset" 258
"../../../Engine/Plugins/Animation/ControlRig/Content/Controls/ControlRig_Star4_solid.uexp" 259
"../../../Engine/Plugins/Animation/ControlRig/Content/Controls/ControlRig_Star4_3mm.ubulk" 260
"../../../Engine/Plugins/Animation/ControlRig/Content/Controls/ControlRig_Star4_3mm.uasset" 261
"../../../Engine/Plugins/Animation/ControlRig/Content/Controls/ControlRig_Star4_3mm.uexp" 262
"../../../Engine/Plugins/Animation/ControlRig/Content/Controls/ControlRig_Star4_1mm.ubulk" 263
"../../../Engine/Plugins/Animation/ControlRig/Content/Controls/ControlRig_Star4_1mm.uasset" 264
"../../../Engine/Plugins/Animation/ControlRig/Content/Controls/ControlRig_Star4_1mm.uexp" 265
"../../../Engine/Plugins/Animation/ControlRig/Content/Controls/ControlRig_Square_solid.ubulk" 266
"../../../Engine/Plugins/Animation/ControlRig/Content/Controls/ControlRig_Square_solid.uasset" 267
"../../../Engine/Plugins/Animation/ControlRig/Content/Controls/ControlRig_Square_solid.uexp" 268
"../../../Engine/Plugins/Animation/ControlRig/Content/Controls/ControlRig_Square_3mm.ubulk" 269
"../../../Engine/Plugins/Animation/ControlRig/Content/Controls/ControlRig_Square_3mm.uasset" 270
"../../../Engine/Plugins/Animation/ControlRig/Content/Controls/ControlRig_Square_3mm.uexp" 271
"../../../Engine/Plugins/Animation/ControlRig/Content/Controls/ControlRig_Square_1mm.ubulk" 272
"../../../Engine/Plugins/Animation/ControlRig/Content/Controls/ControlRig_Square_1mm.uasset" 273
"../../../Engine/Plugins/Animation/ControlRig/Content/Controls/ControlRig_Square_1mm.uexp" 274
"../../../Engine/Plugins/Animation/ControlRig/Content/Controls/ControlRig_Sphere_solid.ubulk" 275
"../../../Engine/Plugins/Animation/ControlRig/Content/Controls/ControlRig_Sphere_solid.uasset" 276
"../../../Engine/Plugins/Animation/ControlRig/Content/Controls/ControlRig_Sphere_solid.uexp" 277
"../../../Engine/Plugins/Animation/ControlRig/Content/Controls/ControlRig_Sphere_3mm.ubulk" 278
"../../../Engine/Plugins/Animation/ControlRig/Content/Controls/ControlRig_Sphere_3mm.uasset" 279
"../../../Engine/Plugins/Animation/ControlRig/Content/Controls/ControlRig_Sphere_3mm.uexp" 280
"../../../Engine/Plugins/Animation/ControlRig/Content/Controls/ControlRig_Sphere_1mm.ubulk" 281
"../../../Engine/Plugins/Animation/ControlRig/Content/Controls/ControlRig_Sphere_1mm.uasset" 282
"../../../Engine/Plugins/Animation/ControlRig/Content/Controls/ControlRig_Sphere_1mm.uexp" 283
"../../../Engine/Plugins/Animation/ControlRig/Content/Controls/ControlRig_RoundedTriangle_solid.ubulk" 284
"../../../Engine/Plugins/Animation/ControlRig/Content/Controls/ControlRig_RoundedTriangle_solid.uasset" 285
"../../../Engine/Plugins/Animation/ControlRig/Content/Controls/ControlRig_RoundedTriangle_solid.uexp" 286
"../../../Engine/Plugins/Animation/ControlRig/Content/Controls/ControlRig_RoundedTriangle_3mm.ubulk" 287
"../../../Engine/Plugins/Animation/ControlRig/Content/Controls/ControlRig_RoundedTriangle_3mm.uasset" 288
"../../../Engine/Plugins/Animation/ControlRig/Content/Controls/ControlRig_RoundedTriangle_3mm.uexp" 289
"../../../Engine/Plugins/Animation/ControlRig/Content/Controls/ControlRig_RoundedTriangle_1mm.ubulk" 290
"../../../Engine/Plugins/Animation/ControlRig/Content/Controls/ControlRig_RoundedTriangle_1mm.uasset" 291
"../../../Engine/Plugins/Animation/ControlRig/Content/Controls/ControlRig_RoundedTriangle_1mm.uexp" 292
"../../../Engine/Plugins/Animation/ControlRig/Content/Controls/ControlRig_RoundedSquare_solid.ubulk" 293
"../../../Engine/Plugins/Animation/ControlRig/Content/Controls/ControlRig_RoundedSquare_solid.uasset" 294
"../../../Engine/Plugins/Animation/ControlRig/Content/Controls/ControlRig_RoundedSquare_solid.uexp" 295
"../../../Engine/Plugins/Animation/ControlRig/Content/Controls/ControlRig_RoundedSquare_3mm.ubulk" 296
"../../../Engine/Plugins/Animation/ControlRig/Content/Controls/ControlRig_RoundedSquare_3mm.uasset" 297
"../../../Engine/Plugins/Animation/ControlRig/Content/Controls/ControlRig_RoundedSquare_3mm.uexp" 298
"../../../Engine/Plugins/Animation/ControlRig/Content/Controls/ControlRig_RoundedSquare_1mm.ubulk" 299
"../../../Engine/Plugins/Animation/ControlRig/Content/Controls/ControlRig_RoundedSquare_1mm.uasset" 300
"../../../Engine/Plugins/Animation/ControlRig/Content/Controls/ControlRig_RoundedSquare_1mm.uexp" 301
"../../../Engine/Plugins/Animation/ControlRig/Content/Controls/ControlRig_QuarterCircle_solid.ubulk" 302
"../../../Engine/Plugins/Animation/ControlRig/Content/Controls/ControlRig_QuarterCircle_solid.uasset" 303
"../../../Engine/Plugins/Animation/ControlRig/Content/Controls/ControlRig_QuarterCircle_solid.uexp" 304
"../../../Engine/Plugins/Animation/ControlRig/Content/Controls/ControlRig_QuarterCircle_3mm.ubulk" 305
"../../../Engine/Plugins/Animation/ControlRig/Content/Controls/ControlRig_QuarterCircle_3mm.uasset" 306
"../../../Engine/Plugins/Animation/ControlRig/Content/Controls/ControlRig_QuarterCircle_3mm.uexp" 307
"../../../Engine/Plugins/Animation/ControlRig/Content/Controls/ControlRig_QuarterCircle_1mm.ubulk" 308
"../../../Engine/Plugins/Animation/ControlRig/Content/Controls/ControlRig_QuarterCircle_1mm.uasset" 309
"../../../Engine/Plugins/Animation/ControlRig/Content/Controls/ControlRig_QuarterCircle_1mm.uexp" 310
"../../../Engine/Plugins/Animation/ControlRig/Content/Controls/ControlRig_Pyramid_solid.ubulk" 311
"../../../Engine/Plugins/Animation/ControlRig/Content/Controls/ControlRig_Pyramid_solid.uasset" 312
"../../../Engine/Plugins/Animation/ControlRig/Content/Controls/ControlRig_Pyramid_solid.uexp" 313
"../../../Engine/Plugins/Animation/ControlRig/Content/Controls/ControlRig_Pyramid_3mm.ubulk" 314
"../../../Engine/Plugins/Animation/ControlRig/Content/Controls/ControlRig_Pyramid_3mm.uasset" 315
"../../../Engine/Plugins/Animation/ControlRig/Content/Controls/ControlRig_Pyramid_3mm.uexp" 316
"../../../Engine/Plugins/Animation/ControlRig/Content/Controls/ControlRig_Pyramid_1mm.ubulk" 317
"../../../Engine/Plugins/Animation/ControlRig/Content/Controls/ControlRig_Pyramid_1mm.uasset" 318
"../../../Engine/Plugins/Animation/ControlRig/Content/Controls/ControlRig_Pyramid_1mm.uexp" 319
"../../../Engine/Plugins/Animation/ControlRig/Content/Controls/ControlRig_Octagon_solid.ubulk" 320
"../../../Engine/Plugins/Animation/ControlRig/Content/Controls/ControlRig_Octagon_solid.uasset" 321
"../../../Engine/Plugins/Animation/ControlRig/Content/Controls/ControlRig_Octagon_solid.uexp" 322
"../../../Engine/Plugins/Animation/ControlRig/Content/Controls/ControlRig_Octagon_3mm.ubulk" 323
"../../../Engine/Plugins/Animation/ControlRig/Content/Controls/ControlRig_Octagon_3mm.uasset" 324
"../../../Engine/Plugins/Animation/ControlRig/Content/Controls/ControlRig_Octagon_3mm.uexp" 325
"../../../Engine/Plugins/Animation/ControlRig/Content/Controls/ControlRig_Octagon_1mm.ubulk" 326
"../../../Engine/Plugins/Animation/ControlRig/Content/Controls/ControlRig_Octagon_1mm.uasset" 327
"../../../Engine/Plugins/Animation/ControlRig/Content/Controls/ControlRig_Octagon_1mm.uexp" 328
"../../../Engine/Plugins/Animation/ControlRig/Content/Controls/ControlRig_Hexagon_solid.ubulk" 329
"../../../Engine/Plugins/Animation/ControlRig/Content/Controls/ControlRig_Hexagon_solid.uasset" 330
"../../../Engine/Plugins/Animation/ControlRig/Content/Controls/ControlRig_Hexagon_solid.uexp" 331
"../../../Engine/Plugins/Animation/ControlRig/Content/Controls/ControlRig_Hexagon_3mm.ubulk" 332
"../../../Engine/Plugins/Animation/ControlRig/Content/Controls/ControlRig_Hexagon_3mm.uasset" 333
"../../../Engine/Plugins/Animation/ControlRig/Content/Controls/ControlRig_Hexagon_3mm.uexp" 334
"../../../Engine/Plugins/Animation/ControlRig/Content/Controls/ControlRig_Hexagon_1mm.ubulk" 335
"../../../Engine/Plugins/Animation/ControlRig/Content/Controls/ControlRig_Hexagon_1mm.uasset" 336
"../../../Engine/Plugins/Animation/ControlRig/Content/Controls/ControlRig_Hexagon_1mm.uexp" 337
"../../../Engine/Plugins/Animation/ControlRig/Content/Controls/ControlRig_HalfCircle_solid.ubulk" 338
"../../../Engine/Plugins/Animation/ControlRig/Content/Controls/ControlRig_HalfCircle_solid.uasset" 339
"../../../Engine/Plugins/Animation/ControlRig/Content/Controls/ControlRig_HalfCircle_solid.uexp" 340
"../../../Engine/Plugins/Animation/ControlRig/Content/Controls/ControlRig_HalfCircle_3mm.ubulk" 341
"../../../Engine/Plugins/Animation/ControlRig/Content/Controls/ControlRig_HalfCircle_3mm.uasset" 342
"../../../Engine/Plugins/Animation/ControlRig/Content/Controls/ControlRig_HalfCircle_3mm.uexp" 343
"../../../Engine/Plugins/Animation/ControlRig/Content/Controls/ControlRig_HalfCircle_1mm.ubulk" 344
"../../../Engine/Plugins/Animation/ControlRig/Content/Controls/ControlRig_HalfCircle_1mm.uasset" 345
"../../../Engine/Plugins/Animation/ControlRig/Content/Controls/ControlRig_HalfCircle_1mm.uexp" 346
"../../../Engine/Plugins/Animation/ControlRig/Content/Controls/ControlRig_Diamond_solid.ubulk" 347
"../../../Engine/Plugins/Animation/ControlRig/Content/Controls/ControlRig_Diamond_solid.uasset" 348
"../../../Engine/Plugins/Animation/ControlRig/Content/Controls/ControlRig_Diamond_solid.uexp" 349
"../../../Engine/Plugins/Animation/ControlRig/Content/Controls/ControlRig_Diamond_3mm.ubulk" 350
"../../../Engine/Plugins/Animation/ControlRig/Content/Controls/ControlRig_Diamond_3mm.uasset" 351
"../../../Engine/Plugins/Animation/ControlRig/Content/Controls/ControlRig_Diamond_3mm.uexp" 352
"../../../Engine/Plugins/Animation/ControlRig/Content/Controls/ControlRig_Diamond_1mm.ubulk" 353
"../../../Engine/Plugins/Animation/ControlRig/Content/Controls/ControlRig_Diamond_1mm.uasset" 354
"../../../Engine/Plugins/Animation/ControlRig/Content/Controls/ControlRig_Diamond_1mm.uexp" 355
"../../../Engine/Plugins/Animation/ControlRig/Content/Controls/ControlRig_Circle_solid.ubulk" 356
"../../../Engine/Plugins/Animation/ControlRig/Content/Controls/ControlRig_Circle_solid.uasset" 357
"../../../Engine/Plugins/Animation/ControlRig/Content/Controls/ControlRig_Circle_solid.uexp" 358
"../../../Engine/Plugins/Animation/ControlRig/Content/Controls/ControlRig_Circle_3mm.ubulk" 359
"../../../Engine/Plugins/Animation/ControlRig/Content/Controls/ControlRig_Circle_3mm.uasset" 360
"../../../Engine/Plugins/Animation/ControlRig/Content/Controls/ControlRig_Circle_3mm.uexp" 361
"../../../Engine/Plugins/Animation/ControlRig/Content/Controls/ControlRig_Circle_1mm.ubulk" 362
"../../../Engine/Plugins/Animation/ControlRig/Content/Controls/ControlRig_Circle_1mm.uasset" 363
"../../../Engine/Plugins/Animation/ControlRig/Content/Controls/ControlRig_Circle_1mm.uexp" 364
"../../../Engine/Plugins/Animation/ControlRig/Content/Controls/ControlRig_Box_solid.ubulk" 365
"../../../Engine/Plugins/Animation/ControlRig/Content/Controls/ControlRig_Box_solid.uasset" 366
"../../../Engine/Plugins/Animation/ControlRig/Content/Controls/ControlRig_Box_solid.uexp" 367
"../../../Engine/Plugins/Animation/ControlRig/Content/Controls/ControlRig_Box_3mm.ubulk" 368
"../../../Engine/Plugins/Animation/ControlRig/Content/Controls/ControlRig_Box_3mm.uasset" 369
"../../../Engine/Plugins/Animation/ControlRig/Content/Controls/ControlRig_Box_3mm.uexp" 370
"../../../Engine/Plugins/Animation/ControlRig/Content/Controls/ControlRig_Box_1mm.ubulk" 371
"../../../Engine/Plugins/Animation/ControlRig/Content/Controls/ControlRig_Box_1mm.uasset" 372
"../../../Engine/Plugins/Animation/ControlRig/Content/Controls/ControlRig_Box_1mm.uexp" 373
"../../../Engine/Plugins/Animation/ControlRig/Content/Controls/ControlRig_Arrow_solid.ubulk" 374
"../../../Engine/Plugins/Animation/ControlRig/Content/Controls/ControlRig_Arrow_solid.uasset" 375
"../../../Engine/Plugins/Animation/ControlRig/Content/Controls/ControlRig_Arrow_solid.uexp" 376
"../../../Engine/Plugins/Animation/ControlRig/Content/Controls/ControlRig_Arrow_3mm.ubulk" 377
"../../../Engine/Plugins/Animation/ControlRig/Content/Controls/ControlRig_Arrow_3mm.uasset" 378
"../../../Engine/Plugins/Animation/ControlRig/Content/Controls/ControlRig_Arrow_3mm.uexp" 379
"../../../Engine/Plugins/Animation/ControlRig/Content/Controls/ControlRig_Arrow_1mm.ubulk" 380
"../../../Engine/Plugins/Animation/ControlRig/Content/Controls/ControlRig_Arrow_1mm.uasset" 381
"../../../Engine/Plugins/Animation/ControlRig/Content/Controls/ControlRig_Arrow_1mm.uexp" 382
"../../../Engine/Plugins/Animation/ControlRig/Content/Controls/ControlRig_Arrow4_solid.ubulk" 383
"../../../Engine/Plugins/Animation/ControlRig/Content/Controls/ControlRig_Arrow4_solid.uasset" 384
"../../../Engine/Plugins/Animation/ControlRig/Content/Controls/ControlRig_Arrow4_solid.uexp" 385
"../../../Engine/Plugins/Animation/ControlRig/Content/Controls/ControlRig_Arrow4_3mm.ubulk" 386
"../../../Engine/Plugins/Animation/ControlRig/Content/Controls/ControlRig_Arrow4_3mm.uasset" 387
"../../../Engine/Plugins/Animation/ControlRig/Content/Controls/ControlRig_Arrow4_3mm.uexp" 388
"../../../Engine/Plugins/Animation/ControlRig/Content/Controls/ControlRig_Arrow4_1mm.ubulk" 389
"../../../Engine/Plugins/Animation/ControlRig/Content/Controls/ControlRig_Arrow4_1mm.uasset" 390
"../../../Engine/Plugins/Animation/ControlRig/Content/Controls/ControlRig_Arrow4_1mm.uexp" 391
"../../../Engine/Plugins/Animation/ControlRig/Content/Controls/ControlRig_Arrow2_solid.ubulk" 392
"../../../Engine/Plugins/Animation/ControlRig/Content/Controls/ControlRig_Arrow2_solid.uasset" 393
"../../../Engine/Plugins/Animation/ControlRig/Content/Controls/ControlRig_Arrow2_solid.uexp" 394
"../../../Engine/Plugins/Animation/ControlRig/Content/Controls/ControlRig_Arrow2_3mm.ubulk" 395
"../../../Engine/Plugins/Animation/ControlRig/Content/Controls/ControlRig_Arrow2_3mm.uasset" 396
"../../../Engine/Plugins/Animation/ControlRig/Content/Controls/ControlRig_Arrow2_3mm.uexp" 397
"../../../Engine/Plugins/Animation/ControlRig/Content/Controls/ControlRig_Arrow2_1mm.ubulk" 398
"../../../Engine/Plugins/Animation/ControlRig/Content/Controls/ControlRig_Arrow2_1mm.uasset" 399
"../../../Engine/Plugins/Animation/ControlRig/Content/Controls/ControlRig_Arrow2_1mm.uexp" 400
"../../../Engine/Plugins/Animation/ControlRig/Content/Controls/ControlRigXRayMaterial.uasset" 401
"../../../Engine/Plugins/Animation/ControlRig/Content/Controls/ControlRigXRayMaterial.uexp" 402
"../../../Engine/Plugins/Animation/ControlRig/Content/Controls/ControlRigGizmoMaterial.uasset" 403
"../../../Engine/Plugins/Animation/ControlRig/Content/Controls/ControlRigGizmoMaterial.uexp" 404
"../../../Engine/Content/EngineSounds/Master.uasset" 405
"../../../Engine/Content/EngineSounds/Master.uexp" 406
"../../../Engine/Content/EngineMaterials/GizmoMaterial.uasset" 407
"../../../Engine/Content/EngineMaterials/GizmoMaterial.uexp" 408
"../../../Engine/Content/EngineMaterials/BaseFlattenEmissiveMap_VT.uasset" 409
"../../../Engine/Content/EngineMaterials/BaseFlattenEmissiveMap_VT.uexp" 410
"../../../Engine/Content/EngineMaterials/BaseFlattenGrayscaleMap_VT.uasset" 411
"../../../Engine/Content/EngineMaterials/BaseFlattenGrayscaleMap_VT.uexp" 412
"../../../Engine/Content/EngineMaterials/BaseFlattenLinearColor_VT.uasset" 413
"../../../Engine/Content/EngineMaterials/BaseFlattenLinearColor_VT.uexp" 414
"../../../Engine/Content/EngineMaterials/Black_1x1_EXR_Texture_VT.uasset" 415
"../../../Engine/Content/EngineMaterials/Black_1x1_EXR_Texture_VT.uexp" 416
"../../../Engine/Content/EngineMaterials/BaseFlattenDiffuseMap_VT.uasset" 417
"../../../Engine/Content/EngineMaterials/BaseFlattenDiffuseMap_VT.uexp" 418
"../../../Engine/Content/EngineMaterials/BaseFlattenNormalMap_VT.uasset" 419
"../../../Engine/Content/EngineMaterials/BaseFlattenNormalMap_VT.uexp" 420
"../../../Engine/Content/EngineMaterials/FlattenMaterial_WS_Normal_VT.uasset" 421
"../../../Engine/Content/EngineMaterials/FlattenMaterial_WS_Normal_VT.uexp" 422
"../../../Engine/Content/EngineMaterials/FlattenMaterial_VT.uasset" 423
"../../../Engine/Content/EngineMaterials/FlattenMaterial_VT.uexp" 424
"../../../Engine/Content/EngineMaterials/BaseFlattenNormalMap.uasset" 425
"../../../Engine/Content/EngineMaterials/BaseFlattenNormalMap.uexp" 426
"../../../Engine/Content/EngineMaterials/BaseFlattenGrayscaleMap.uasset" 427
"../../../Engine/Content/EngineMaterials/BaseFlattenGrayscaleMap.uexp" 428
"../../../Engine/Content/EngineMaterials/BaseFlattenDiffuseMap.uasset" 429
"../../../Engine/Content/EngineMaterials/BaseFlattenDiffuseMap.uexp" 430
"../../../Engine/Content/Functions/Engine_MaterialFunctions02/PivotPainter2/Black_1x1_EXR_Texture.uasset" 431
"../../../Engine/Content/Functions/Engine_MaterialFunctions02/PivotPainter2/Black_1x1_EXR_Texture.uexp" 432
"../../../Engine/Content/EngineMaterials/BaseFlattenEmissiveMap.uasset" 433
"../../../Engine/Content/EngineMaterials/BaseFlattenEmissiveMap.uexp" 434
"../../../Engine/Content/EngineMaterials/BaseFlattenLinearColor.uasset" 435
"../../../Engine/Content/EngineMaterials/BaseFlattenLinearColor.uexp" 436
"../../../Engine/Content/EngineMaterials/FlattenMaterial.uasset" 437
"../../../Engine/Content/EngineMaterials/FlattenMaterial.uexp" 438
"../../../Engine/Content/EngineMaterials/DefaultWhiteGrid_Low.uasset" 439
"../../../Engine/Content/EngineMaterials/DefaultWhiteGrid_Low.uexp" 440
"../../../Engine/Content/EngineMaterials/EmissiveMeshMaterial.uasset" 441
"../../../Engine/Content/EngineMaterials/EmissiveMeshMaterial.uexp" 442
"../../../Engine/Content/EngineFonts/RobotoDistanceField.uasset" 443
"../../../Engine/Content/EngineFonts/RobotoDistanceField.uexp" 444
"../../../Engine/Content/EngineMaterials/DefaultTextMaterialOpaque.uasset" 445
"../../../Engine/Content/EngineMaterials/DefaultTextMaterialOpaque.uexp" 446
"../../../Engine/Content/EngineMaterials/DefaultDiffuse.ubulk" 447
"../../../Engine/Content/EngineMaterials/DefaultDiffuse.uasset" 448
"../../../Engine/Content/EngineMaterials/DefaultDiffuse.uexp" 449
"../../../Engine/Content/Functions/Engine_MaterialFunctions02/Utility/BreakOutFloat2Components.uasset" 450
"../../../Engine/Content/Functions/Engine_MaterialFunctions02/Utility/BreakOutFloat2Components.uexp" 451
"../../../Engine/Content/EngineMaterials/DefaultPostProcessMaterial.uasset" 452
"../../../Engine/Content/EngineMaterials/DefaultPostProcessMaterial.uexp" 453
"../../../Engine/Content/EngineMaterials/DefaultPhysicalMaterial.uasset" 454
"../../../Engine/Content/EngineMaterials/DefaultPhysicalMaterial.uexp" 455
"../../../Engine/Content/EngineMaterials/DefaultLightFunctionMaterial.uasset" 456
"../../../Engine/Content/EngineMaterials/DefaultLightFunctionMaterial.uexp" 457
"../../../Engine/Content/EngineMaterials/DefaultDestructiblePhysicalMaterial.uasset" 458
"../../../Engine/Content/EngineMaterials/DefaultDestructiblePhysicalMaterial.uexp" 459
"../../../Engine/Content/EngineMaterials/DefaultDeferredDecalMaterial.uasset" 460
"../../../Engine/Content/EngineMaterials/DefaultDeferredDecalMaterial.uexp" 461
"../../../Engine/Content/EngineMaterials/DefaultBloomKernel.uasset" 462
"../../../Engine/Content/EngineMaterials/DefaultBloomKernel.uexp" 463
"../../../Engine/Content/EngineFonts/Faces/RobotoLight.uexp" 464
"../../../Engine/Content/EngineFonts/Faces/RobotoLight.uasset" 465
"../../../Engine/Content/EngineFonts/Faces/RobotoLight.ufont" 466
"../../../Engine/Content/EngineFonts/Faces/RobotoBold.uexp" 467
"../../../Engine/Content/EngineFonts/Faces/RobotoBold.uasset" 468
"../../../Engine/Content/EngineFonts/Faces/RobotoBold.ufont" 469
"../../../Engine/Content/EngineFonts/Faces/RobotoRegular.uexp" 470
"../../../Engine/Content/EngineFonts/Faces/RobotoRegular.uasset" 471
"../../../Engine/Content/EngineFonts/Faces/RobotoRegular.ufont" 472
"../../../Engine/Content/EngineFonts/Faces/DroidSansFallback.uexp" 473
"../../../Engine/Content/EngineFonts/Faces/DroidSansFallback.uasset" 474
"../../../Engine/Content/EngineFonts/Faces/DroidSansFallback.ufont" 475
"../../../Engine/Content/EngineFonts/Faces/RobotoItalic.uexp" 476
"../../../Engine/Content/EngineFonts/Faces/RobotoItalic.uasset" 477
"../../../Engine/Content/EngineFonts/Faces/RobotoItalic.ufont" 478
"../../../Engine/Content/EngineFonts/Faces/RobotoBoldItalic.uexp" 479
"../../../Engine/Content/EngineFonts/Faces/RobotoBoldItalic.uasset" 480
"../../../Engine/Content/EngineFonts/Faces/RobotoBoldItalic.ufont" 481
"../../../Engine/Content/EngineFonts/Roboto.uasset" 482
"../../../Engine/Content/EngineFonts/Roboto.uexp" 483
"../../../Engine/Content/Functions/Engine_MaterialFunctions02/Utility/CameraDirectionVector.uasset" 484
"../../../Engine/Content/Functions/Engine_MaterialFunctions02/Utility/CameraDirectionVector.uexp" 485
"../../../Engine/Content/EngineDebugMaterials/VolumeToRender.uasset" 486
"../../../Engine/Content/EngineDebugMaterials/VolumeToRender.uexp" 487
"../../../Engine/Content/EngineDebugMaterials/M_VolumeRenderSphereTracePP.uasset" 488
"../../../Engine/Content/EngineDebugMaterials/M_VolumeRenderSphereTracePP.uexp" 489
"../../../Engine/Content/EngineDebugMaterials/M_SimpleUnlitTranslucent.uasset" 490
"../../../Engine/Content/EngineDebugMaterials/M_SimpleUnlitTranslucent.uexp" 491
"../../../Engine/Content/EngineDebugMaterials/DebugMeshMaterial.uasset" 492
"../../../Engine/Content/EngineDebugMaterials/DebugMeshMaterial.uexp" 493
"../../../Engine/Content/EngineDebugMaterials/DebugEditorMaterial.uasset" 494
"../../../Engine/Content/EngineDebugMaterials/DebugEditorMaterial.uexp" 495
"../../../Engine/Content/EngineDamageTypes/DmgTypeBP_Environmental.uasset" 496
"../../../Engine/Content/EngineDamageTypes/DmgTypeBP_Environmental.uexp" 497
"../../../Engine/Content/EditorResources/S_Terrain.ubulk" 498
"../../../Engine/Content/EditorResources/S_Terrain.uasset" 499
"../../../Engine/Content/EditorResources/S_Terrain.uexp" 500
"../../../Engine/Content/EditorResources/EmptyActor.uasset" 501
"../../../Engine/Content/EditorResources/EmptyActor.uexp" 502
"../../../Engine/Content/EditorResources/BSPVertex.uasset" 503
"../../../Engine/Content/EditorResources/BSPVertex.uexp" 504
"../../../Engine/Content/EditorMaterials/PreviewShadowIndicator.ubulk" 505
"../../../Engine/Content/EditorMaterials/PreviewShadowIndicator.uasset" 506
"../../../Engine/Content/EditorMaterials/PreviewShadowIndicator.uexp" 507
"../../../Engine/Content/EditorMaterials/PreviewShadowIndicatorMaterial.uasset" 508
"../../../Engine/Content/EditorMaterials/PreviewShadowIndicatorMaterial.uexp" 509
"../../../Engine/Content/EditorMaterials/PhAT_UnselectedMaterial.uasset" 510
"../../../Engine/Content/EditorMaterials/PhAT_UnselectedMaterial.uexp" 511
"../../../Engine/Content/EditorMaterials/PhAT_NoCollisionMaterial.uasset" 512
"../../../Engine/Content/EditorMaterials/PhAT_NoCollisionMaterial.uexp" 513
"C:/Users/Kirill/Desktop/Unreal eng tryouts/Unreal 5.2/BP_practise/Content/Test_grounds/Primitive_materials/Black.uasset" 514
"C:/Users/Kirill/Desktop/Unreal eng tryouts/Unreal 5.2/BP_practise/Content/Test_grounds/Primitive_materials/Black.uexp" 515
"C:/Users/Kirill/Desktop/Unreal eng tryouts/Unreal 5.2/BP_practise/Content/Test_grounds/Gamemodes/Testout.uasset" 516
"C:/Users/Kirill/Desktop/Unreal eng tryouts/Unreal 5.2/BP_practise/Content/Test_grounds/Gamemodes/Testout.uexp" 517
"../../../Engine/Content/MobileResources/HUD/VirtualJoystick_Background.uasset" 518
"../../../Engine/Content/MobileResources/HUD/VirtualJoystick_Background.uexp" 519
"../../../Engine/Content/MobileResources/HUD/VirtualJoystick_Thumb.uasset" 520
"../../../Engine/Content/MobileResources/HUD/VirtualJoystick_Thumb.uexp" 521
"../../../Engine/Content/MobileResources/HUD/DefaultVirtualJoysticks.uasset" 522
"../../../Engine/Content/MobileResources/HUD/DefaultVirtualJoysticks.uexp" 523
"C:/Users/Kirill/Desktop/Unreal eng tryouts/Unreal 5.2/BP_practise/Content/Test_grounds/Primitive_materials/Golden.uasset" 524
"C:/Users/Kirill/Desktop/Unreal eng tryouts/Unreal 5.2/BP_practise/Content/Test_grounds/Primitive_materials/Golden.uexp" 525
"../../../Engine/Content/BasicShapes/Sphere.ubulk" 526
"../../../Engine/Content/BasicShapes/Sphere.uasset" 527
"../../../Engine/Content/BasicShapes/Sphere.uexp" 528
"../../../Engine/Content/BasicShapes/BasicShapeMaterial.uasset" 529
"../../../Engine/Content/BasicShapes/BasicShapeMaterial.uexp" 530
"C:/Users/Kirill/Desktop/Unreal eng tryouts/Unreal 5.2/BP_practise/Content/Test_grounds/Actors/BP_main_actors/Pingball/BP_Pingball.uasset" 531
"C:/Users/Kirill/Desktop/Unreal eng tryouts/Unreal 5.2/BP_practise/Content/Test_grounds/Actors/BP_main_actors/Pingball/BP_Pingball.uexp" 532
"C:/Users/Kirill/Desktop/Unreal eng tryouts/Unreal 5.2/BP_practise/Content/Test_grounds/Actors/BP_main_actors/Pingball/BP_Single-live_Child.uasset" 533
"C:/Users/Kirill/Desktop/Unreal eng tryouts/Unreal 5.2/BP_practise/Content/Test_grounds/Actors/BP_main_actors/Pingball/BP_Single-live_Child.uexp" 534
"../../../Engine/Content/BasicShapes/Cube.ubulk" 535
"../../../Engine/Content/BasicShapes/Cube.uasset" 536
"../../../Engine/Content/BasicShapes/Cube.uexp" 537
"C:/Users/Kirill/Desktop/Unreal eng tryouts/Unreal 5.2/BP_practise/Content/Test_grounds/Widgets/WD_HUD.uasset" 538
"C:/Users/Kirill/Desktop/Unreal eng tryouts/Unreal 5.2/BP_practise/Content/Test_grounds/Widgets/WD_HUD.uexp" 539
"C:/Users/Kirill/Desktop/Unreal eng tryouts/Unreal 5.2/BP_practise/Content/Test_grounds/Primitive_materials/Red.uasset" 540
"C:/Users/Kirill/Desktop/Unreal eng tryouts/Unreal 5.2/BP_practise/Content/Test_grounds/Primitive_materials/Red.uexp" 541
"../../../Engine/Content/BasicShapes/Cone.ubulk" 542
"../../../Engine/Content/BasicShapes/Cone.uasset" 543
"../../../Engine/Content/BasicShapes/Cone.uexp" 544
"C:/Users/Kirill/Desktop/Unreal eng tryouts/Unreal 5.2/BP_practise/Content/Test_grounds/Actors/BP_main_actors/Bonuses/BP_bonus.uasset" 545
"C:/Users/Kirill/Desktop/Unreal eng tryouts/Unreal 5.2/BP_practise/Content/Test_grounds/Actors/BP_main_actors/Bonuses/BP_bonus.uexp" 546
"C:/Users/Kirill/Desktop/Unreal eng tryouts/Unreal 5.2/BP_practise/Content/Test_grounds/Actors/BP_main_actors/Bonuses/BP_ExtraLive_Child.uasset" 547
"C:/Users/Kirill/Desktop/Unreal eng tryouts/Unreal 5.2/BP_practise/Content/Test_grounds/Actors/BP_main_actors/Bonuses/BP_ExtraLive_Child.uexp" 548
"../../../Engine/Content/EditorBlueprintResources/StandardMacros.uasset" 549
"../../../Engine/Content/EditorBlueprintResources/StandardMacros.uexp" 550
"C:/Users/Kirill/Desktop/Unreal eng tryouts/Unreal 5.2/BP_practise/Content/Test_grounds/Actors/BP_main_actors/Chariot/BP_PawnChariot.uasset" 551
"C:/Users/Kirill/Desktop/Unreal eng tryouts/Unreal 5.2/BP_practise/Content/Test_grounds/Actors/BP_main_actors/Chariot/BP_PawnChariot.uexp" 552
"../../../Engine/Content/Functions/Engine_MaterialFunctions01/Shading/PowerToRoughness.uasset" 553
"../../../Engine/Content/Functions/Engine_MaterialFunctions01/Shading/PowerToRoughness.uexp" 554
"../../../Engine/Content/Functions/Engine_MaterialFunctions01/Shading/ConvertFromDiffSpec.uasset" 555
"../../../Engine/Content/Functions/Engine_MaterialFunctions01/Shading/ConvertFromDiffSpec.uexp" 556
"../../../Engine/Content/EngineSky/VolumetricClouds/CloudWeatherTexture.uasset" 557
"../../../Engine/Content/EngineSky/VolumetricClouds/CloudWeatherTexture.uexp" 558
"../../../Engine/Content/Functions/Engine_MaterialFunctions02/Utility/MakeFloat2.uasset" 559
"../../../Engine/Content/Functions/Engine_MaterialFunctions02/Utility/MakeFloat2.uexp" 560
"../../../Engine/Content/EngineSky/VolumetricClouds/CloudGradientTexture.uasset" 561
"../../../Engine/Content/EngineSky/VolumetricClouds/CloudGradientTexture.uexp" 562
"../../../Engine/Content/EngineSky/VolumetricClouds/T_NoiseShape64.ubulk" 563
"../../../Engine/Content/EngineSky/VolumetricClouds/T_NoiseShape64.uasset" 564
"../../../Engine/Content/EngineSky/VolumetricClouds/T_NoiseShape64.uexp" 565
"../../../Engine/Content/EngineSky/VolumetricClouds/T_VolumeNoiseShape64.uasset" 566
"../../../Engine/Content/EngineSky/VolumetricClouds/T_VolumeNoiseShape64.uexp" 567
"../../../Engine/Content/EngineSky/VolumetricClouds/T_NoiseErosion.ubulk" 568
"../../../Engine/Content/EngineSky/VolumetricClouds/T_NoiseErosion.uasset" 569
"../../../Engine/Content/EngineSky/VolumetricClouds/T_NoiseErosion.uexp" 570
"../../../Engine/Content/EngineSky/VolumetricClouds/T_VolumeNoiseErosion32.uasset" 571
"../../../Engine/Content/EngineSky/VolumetricClouds/T_VolumeNoiseErosion32.uexp" 572
"../../../Engine/Content/EngineSky/VolumetricClouds/m_SimpleVolumetricCloud.uasset" 573
"../../../Engine/Content/EngineSky/VolumetricClouds/m_SimpleVolumetricCloud.uexp" 574
"../../../Engine/Content/EngineSky/VolumetricClouds/m_SimpleVolumetricCloud_Inst.uasset" 575
"../../../Engine/Content/EngineSky/VolumetricClouds/m_SimpleVolumetricCloud_Inst.uexp" 576
"../../../Engine/Content/EngineResources/FilmGrains/Marcie_Grain_v3_128_M2_000.uasset" 577
"../../../Engine/Content/EngineResources/FilmGrains/Marcie_Grain_v3_128_M2_000.uexp" 578
"../../../Engine/Content/EditorResources/SequenceRecorder/RecordingIndicator.uasset" 579
"../../../Engine/Content/EditorResources/SequenceRecorder/RecordingIndicator.uexp" 580
"../../../Engine/Content/EditorResources/SequenceRecorder/Countdown.uasset" 581
"../../../Engine/Content/EditorResources/SequenceRecorder/Countdown.uexp" 582
"../../../Engine/Content/EditorLandscapeResources/DefaultAlphaTexture.uasset" 583
"../../../Engine/Content/EditorLandscapeResources/DefaultAlphaTexture.uexp" 584
"../../../Engine/Content/EditorLandscapeResources/DataLayer.uasset" 585
"../../../Engine/Content/EditorLandscapeResources/DataLayer.uexp" 586
"C:/Users/Kirill/Desktop/Unreal eng tryouts/Unreal 5.2/BP_practise/Content/Test_grounds/Actors/BP_outdated/BP_misc_destruct/Parent_misc_destr.uasset" 587
"C:/Users/Kirill/Desktop/Unreal eng tryouts/Unreal 5.2/BP_practise/Content/Test_grounds/Actors/BP_outdated/BP_misc_destruct/Parent_misc_destr.uexp" 588
"C:/Users/Kirill/Desktop/Unreal eng tryouts/Unreal 5.2/BP_practise/Content/Test_grounds/Actors/BP_outdated/BP_misc_destruct/shrinking_destr_Child.uasset" 589
"C:/Users/Kirill/Desktop/Unreal eng tryouts/Unreal 5.2/BP_practise/Content/Test_grounds/Actors/BP_outdated/BP_misc_destruct/shrinking_destr_Child.uexp" 590
"C:/Users/Kirill/Desktop/Unreal eng tryouts/Unreal 5.2/BP_practise/Content/Test_grounds/Actors/BP_outdated/BP_misc_destruct/changing_shrinking_destr_Child_Child.uasset" 591
"C:/Users/Kirill/Desktop/Unreal eng tryouts/Unreal 5.2/BP_practise/Content/Test_grounds/Actors/BP_outdated/BP_misc_destruct/changing_shrinking_destr_Child_Child.uexp" 592
"C:/Users/Kirill/Desktop/Unreal eng tryouts/Unreal 5.2/BP_practise/Content/Test_grounds/Actors/BP_outdated/Basic_BP_practise/BP_Round.uasset" 593
"C:/Users/Kirill/Desktop/Unreal eng tryouts/Unreal 5.2/BP_practise/Content/Test_grounds/Actors/BP_outdated/Basic_BP_practise/BP_Round.uexp" 594
"C:/Users/Kirill/Desktop/Unreal eng tryouts/Unreal 5.2/BP_practise/Content/Test_grounds/Actors/BP_outdated/Basic_BP_practise/BP_Light.uasset" 595
"C:/Users/Kirill/Desktop/Unreal eng tryouts/Unreal 5.2/BP_practise/Content/Test_grounds/Actors/BP_outdated/Basic_BP_practise/BP_Light.uexp" 596
"C:/Users/Kirill/Desktop/Unreal eng tryouts/Unreal 5.2/BP_practise/Content/Test_grounds/Actors/BP_outdated/Basic_BP_practise/BP_DoubleCube.uasset" 597
"C:/Users/Kirill/Desktop/Unreal eng tryouts/Unreal 5.2/BP_practise/Content/Test_grounds/Actors/BP_outdated/Basic_BP_practise/BP_DoubleCube.uexp" 598
"C:/Users/Kirill/Desktop/Unreal eng tryouts/Unreal 5.2/BP_practise/Content/Test_grounds/Actors/BP_outdated/Basic_BP_practise/BP_Cube.uasset" 599
"C:/Users/Kirill/Desktop/Unreal eng tryouts/Unreal 5.2/BP_practise/Content/Test_grounds/Actors/BP_outdated/Basic_BP_practise/BP_Cube.uexp" 600
"C:/Users/Kirill/Desktop/Unreal eng tryouts/Unreal 5.2/BP_practise/Content/Test_grounds/Actors/BP_main_actors/Pingball/BP_Double-Damage_Child.uasset" 601
"C:/Users/Kirill/Desktop/Unreal eng tryouts/Unreal 5.2/BP_practise/Content/Test_grounds/Actors/BP_main_actors/Pingball/BP_Double-Damage_Child.uexp" 602
"../../../Engine/Content/Maps/Entry_BuiltData.uasset" 603
"../../../Engine/Content/Maps/Entry_BuiltData.uexp" 604
"../../../Engine/Content/Maps/Entry.uexp" 605
"../../../Engine/Content/Maps/Entry.umap" 606
"C:/Users/Kirill/Desktop/Unreal eng tryouts/Unreal 5.2/BP_practise/Content/Test_grounds/Widgets/WD_MainMenu.uasset" 607
"C:/Users/Kirill/Desktop/Unreal eng tryouts/Unreal 5.2/BP_practise/Content/Test_grounds/Widgets/WD_MainMenu.uexp" 608
"C:/Users/Kirill/Desktop/Unreal eng tryouts/Unreal 5.2/BP_practise/Content/Test_grounds/Levels/MainMenuLevel.uexp" 609
"C:/Users/Kirill/Desktop/Unreal eng tryouts/Unreal 5.2/BP_practise/Content/Test_grounds/Levels/MainMenuLevel.umap" 610
"C:/Users/Kirill/Desktop/Unreal eng tryouts/Unreal 5.2/BP_practise/Content/Test_grounds/Actors/BP_main_actors/Bonuses/BP_ExtraBall_Child.uasset" 611
"C:/Users/Kirill/Desktop/Unreal eng tryouts/Unreal 5.2/BP_practise/Content/Test_grounds/Actors/BP_main_actors/Bonuses/BP_ExtraBall_Child.uexp" 612
"C:/Users/Kirill/Desktop/Unreal eng tryouts/Unreal 5.2/BP_practise/Content/Test_grounds/Actors/BP_main_actors/Chariot/BP_PawnChariot_bonuse_Child.uasset" 613
"C:/Users/Kirill/Desktop/Unreal eng tryouts/Unreal 5.2/BP_practise/Content/Test_grounds/Actors/BP_main_actors/Chariot/BP_PawnChariot_bonuse_Child.uexp" 614
"../../../Engine/Content/EngineMaterials/BlendFunc_DefBlend.uasset" 615
"../../../Engine/Content/EngineMaterials/BlendFunc_DefBlend.uexp" 616
"../../../Engine/Content/EngineMaterials/BlendFunc_DefBase.uasset" 617
"../../../Engine/Content/EngineMaterials/BlendFunc_DefBase.uexp" 618
"../../../Engine/Content/Functions/Engine_MaterialFunctions03/Blends/Blend_Overlay.uasset" 619
"../../../Engine/Content/Functions/Engine_MaterialFunctions03/Blends/Blend_Overlay.uexp" 620
"../../../Engine/Content/OpenWorldTemplate/LandscapeMaterial/T_GridChecker_A.ubulk" 621
"../../../Engine/Content/OpenWorldTemplate/LandscapeMaterial/T_GridChecker_A.uasset" 622
"../../../Engine/Content/OpenWorldTemplate/LandscapeMaterial/T_GridChecker_A.uexp" 623
"../../../Engine/Content/Functions/Engine_MaterialFunctions02/Utility/MakeFloat3.uasset" 624
"../../../Engine/Content/Functions/Engine_MaterialFunctions02/Utility/MakeFloat3.uexp" 625
"../../../Engine/Content/Functions/Engine_MaterialFunctions01/Gradient/LinearGradient.uasset" 626
"../../../Engine/Content/Functions/Engine_MaterialFunctions01/Gradient/LinearGradient.uexp" 627
"../../../Engine/Content/Functions/Engine_MaterialFunctions01/ImageAdjustment/CheapContrast.uasset" 628
"../../../Engine/Content/Functions/Engine_MaterialFunctions01/ImageAdjustment/CheapContrast.uexp" 629
"../../../Engine/Content/OpenWorldTemplate/LandscapeMaterial/MF_ProcGrid.uasset" 630
"../../../Engine/Content/OpenWorldTemplate/LandscapeMaterial/MF_ProcGrid.uexp" 631
"../../../Engine/Content/OpenWorldTemplate/LandscapeMaterial/M_ProcGrid.uasset" 632
"../../../Engine/Content/OpenWorldTemplate/LandscapeMaterial/M_ProcGrid.uexp" 633
"../../../Engine/Content/OpenWorldTemplate/LandscapeMaterial/MI_ProcGrid.uasset" 634
"../../../Engine/Content/OpenWorldTemplate/LandscapeMaterial/MI_ProcGrid.uexp" 635
"C:/Users/Kirill/Desktop/Unreal eng tryouts/Unreal 5.2/BP_practise/Content/Test_grounds/Actors/BP_destructors/BP_destruction.uasset" 636
"C:/Users/Kirill/Desktop/Unreal eng tryouts/Unreal 5.2/BP_practise/Content/Test_grounds/Actors/BP_destructors/BP_destruction.uexp" 637
"../../../Engine/Content/EngineSky/T_Sky_Stars.ubulk" 638
"../../../Engine/Content/EngineSky/T_Sky_Stars.uasset" 639
"../../../Engine/Content/EngineSky/T_Sky_Stars.uexp" 640
"../../../Engine/Content/EngineSky/T_Sky_Clouds_M.ubulk" 641
"../../../Engine/Content/EngineSky/T_Sky_Clouds_M.uasset" 642
"../../../Engine/Content/EngineSky/T_Sky_Clouds_M.uexp" 643
"../../../Engine/Content/EngineSky/T_Sky_Blue.ubulk" 644
"../../../Engine/Content/EngineSky/T_Sky_Blue.uasset" 645
"../../../Engine/Content/EngineSky/T_Sky_Blue.uexp" 646
"../../../Engine/Content/EngineSky/M_Sky_Panning_Clouds2.uasset" 647
"../../../Engine/Content/EngineSky/M_Sky_Panning_Clouds2.uexp" 648
"../../../Engine/Content/EngineSky/SM_SkySphere.ubulk" 649
"../../../Engine/Content/EngineSky/SM_SkySphere.uasset" 650
"../../../Engine/Content/EngineSky/SM_SkySphere.uexp" 651
"../../../Engine/Content/MapTemplates/SM_Template_Map_Floor.ubulk" 652
"../../../Engine/Content/MapTemplates/SM_Template_Map_Floor.uasset" 653
"../../../Engine/Content/MapTemplates/SM_Template_Map_Floor.uexp" 654
"C:/Users/Kirill/Desktop/Unreal eng tryouts/Unreal 5.2/BP_practise/Content/Test_grounds/Actors/BP_destructors/BP_destruction_changer_Child.uasset" 655
"C:/Users/Kirill/Desktop/Unreal eng tryouts/Unreal 5.2/BP_practise/Content/Test_grounds/Actors/BP_destructors/BP_destruction_changer_Child.uexp" 656
"C:/Users/Kirill/Desktop/Unreal eng tryouts/Unreal 5.2/BP_practise/Content/Test_grounds/Actors/BP_scripting/BP_construction.uasset" 657
"C:/Users/Kirill/Desktop/Unreal eng tryouts/Unreal 5.2/BP_practise/Content/Test_grounds/Actors/BP_scripting/BP_construction.uexp" 658
"../../../Engine/Content/EngineSky/M_SimpleSkyDome.uasset" 659
"../../../Engine/Content/EngineSky/M_SimpleSkyDome.uexp" 660
"C:/Users/Kirill/Desktop/Unreal eng tryouts/Unreal 5.2/BP_practise/Content/Test_grounds/Levels/Test_level_1.uexp" 661
"C:/Users/Kirill/Desktop/Unreal eng tryouts/Unreal 5.2/BP_practise/Content/Test_grounds/Levels/Test_level_1.umap" 662
